{"/home/lsa-demo/Documents/LSA4/RESTful_API_CI/demo-service/api/users.spec.js":{"path":"/home/lsa-demo/Documents/LSA4/RESTful_API_CI/demo-service/api/users.spec.js","s":{"1":1,"2":0,"3":0,"4":0,"5":0,"6":0,"7":0,"8":0,"9":0,"10":0,"11":0,"12":0,"13":0,"14":0,"15":0,"16":0,"17":0,"18":0,"19":0,"20":0},"b":{},"f":{"1":0},"fnMap":{"1":{"name":"(anonymous_1)","line":32,"loc":{"start":{"line":32,"column":16},"end":{"line":32,"column":31}}}},"statementMap":{"1":{"start":{"line":1,"column":0},"end":{"line":1,"column":35}},"2":{"start":{"line":2,"column":0},"end":{"line":2,"column":31}},"3":{"start":{"line":3,"column":0},"end":{"line":3,"column":41}},"4":{"start":{"line":5,"column":0},"end":{"line":56,"column":3}},"5":{"start":{"line":8,"column":4},"end":{"line":8,"column":19}},"6":{"start":{"line":9,"column":4},"end":{"line":16,"column":6}},"7":{"start":{"line":17,"column":4},"end":{"line":26,"column":6}},"8":{"start":{"line":19,"column":12},"end":{"line":19,"column":46}},"9":{"start":{"line":22,"column":12},"end":{"line":24,"column":16}},"10":{"start":{"line":23,"column":16},"end":{"line":23,"column":44}},"11":{"start":{"line":28,"column":4},"end":{"line":35,"column":7}},"12":{"start":{"line":29,"column":8},"end":{"line":34,"column":11}},"13":{"start":{"line":33,"column":12},"end":{"line":33,"column":22}},"14":{"start":{"line":37,"column":4},"end":{"line":40,"column":7}},"15":{"start":{"line":38,"column":8},"end":{"line":38,"column":20}},"16":{"start":{"line":39,"column":8},"end":{"line":39,"column":19}},"17":{"start":{"line":42,"column":4},"end":{"line":47,"column":7}},"18":{"start":{"line":44,"column":8},"end":{"line":46,"column":31}},"19":{"start":{"line":49,"column":4},"end":{"line":54,"column":7}},"20":{"start":{"line":51,"column":8},"end":{"line":53,"column":31}}},"branchMap":{}}}